# JRE version: OpenJDK Runtime Environment Microsoft-8035246 (17.0.8+7) (build 17.0.8+7-LTS)
# Java VM: OpenJDK 64-Bit Server VM Microsoft-8035246 (17.0.8+7-LTS, mixed mode, sharing, tiered, compressed oops, compressed class ptrs, g1 gc, windows-amd64)
GC Precious Log:
 CPUs: 12 total, 12 available
 Memory: 16296M
 Large Page Support: Disabled
 NUMA Support: Disabled
 Compressed Oops: Enabled (32-bit)
 Heap Region Size: 1M
 Heap Min Capacity: 8M
 Heap Initial Capacity: 256M
 Heap Max Capacity: 2G
 Pre-touch: Disabled
 Parallel Workers: 10
 Concurrent Workers: 3
 Concurrent Refinement Workers: 10
 Periodic GC: Disabled
Heap:
 garbage-first heap   total 291840K, used 196256K [0x0000000080000000, 0x0000000100000000)
  region size 1024K, 18 young (18432K), 4 survivors (4096K)
 Metaspace       used 99747K, committed 100864K, reserved 557056K
  class space    used 14009K, committed 14528K, reserved 425984K
GC Heap History (20 events):
Event: 22.595 GC heap before
{Heap before GC invocations=68 (full 0):
 garbage-first heap   total 201728K, used 174924K [0x0000000080000000, 0x0000000100000000)
  region size 1024K, 14 young (14336K), 2 survivors (2048K)
 Metaspace       used 97656K, committed 98752K, reserved 557056K
  class space    used 13706K, committed 14208K, reserved 425984K
}
Event: 22.597 GC heap after
{Heap after GC invocations=69 (full 0):
 garbage-first heap   total 201728K, used 163749K [0x0000000080000000, 0x0000000100000000)
  region size 1024K, 2 young (2048K), 2 survivors (2048K)
 Metaspace       used 97656K, committed 98752K, reserved 557056K
  class space    used 13706K, committed 14208K, reserved 425984K
}
Event: 22.675 GC heap before
{Heap before GC invocations=69 (full 0):
 garbage-first heap   total 201728K, used 175013K [0x0000000080000000, 0x0000000100000000)
  region size 1024K, 13 young (13312K), 2 survivors (2048K)
 Metaspace       used 97718K, committed 98816K, reserved 557056K
  class space    used 13707K, committed 14208K, reserved 425984K
}
Event: 22.677 GC heap after
{Heap after GC invocations=70 (full 0):
 garbage-first heap   total 201728K, used 165001K [0x0000000080000000, 0x0000000100000000)
  region size 1024K, 2 young (2048K), 2 survivors (2048K)
 Metaspace       used 97718K, committed 98816K, reserved 557056K
  class space    used 13707K, committed 14208K, reserved 425984K
}
Event: 22.742 GC heap before
{Heap before GC invocations=70 (full 0):
 garbage-first heap   total 201728K, used 175241K [0x0000000080000000, 0x0000000100000000)
  region size 1024K, 12 young (12288K), 2 survivors (2048K)
 Metaspace       used 97761K, committed 98880K, reserved 557056K
  class space    used 13707K, committed 14208K, reserved 425984K
}
Event: 22.744 GC heap after
{Heap after GC invocations=71 (full 0):
 garbage-first heap   total 242688K, used 166444K [0x0000000080000000, 0x0000000100000000)
  region size 1024K, 2 young (2048K), 2 survivors (2048K)
 Metaspace       used 97761K, committed 98880K, reserved 557056K
  class space    used 13707K, committed 14208K, reserved 425984K
}
Event: 22.985 GC heap before
{Heap before GC invocations=71 (full 0):
 garbage-first heap   total 242688K, used 201260K [0x0000000080000000, 0x0000000100000000)
  region size 1024K, 36 young (36864K), 2 survivors (2048K)
 Metaspace       used 98147K, committed 99264K, reserved 557056K
  class space    used 13751K, committed 14272K, reserved 425984K
}
Event: 22.989 GC heap after
{Heap after GC invocations=72 (full 0):
 garbage-first heap   total 242688K, used 170204K [0x0000000080000000, 0x0000000100000000)
  region size 1024K, 5 young (5120K), 5 survivors (5120K)
 Metaspace       used 98147K, committed 99264K, reserved 557056K
  class space    used 13751K, committed 14272K, reserved 425984K
}
Event: 23.219 GC heap before
{Heap before GC invocations=72 (full 0):
 garbage-first heap   total 242688K, used 202972K [0x0000000080000000, 0x0000000100000000)
  region size 1024K, 38 young (38912K), 5 survivors (5120K)
 Metaspace       used 99101K, committed 100288K, reserved 557056K
  class space    used 13958K, committed 14464K, reserved 425984K
}
Event: 23.223 GC heap after
{Heap after GC invocations=73 (full 0):
 garbage-first heap   total 242688K, used 173079K [0x0000000080000000, 0x0000000100000000)
  region size 1024K, 3 young (3072K), 3 survivors (3072K)
 Metaspace       used 99101K, committed 100288K, reserved 557056K
  class space    used 13958K, committed 14464K, reserved 425984K
}
Event: 23.404 GC heap before
{Heap before GC invocations=73 (full 0):
 garbage-first heap   total 242688K, used 203799K [0x0000000080000000, 0x0000000100000000)
  region size 1024K, 34 young (34816K), 3 survivors (3072K)
 Metaspace       used 99297K, committed 100416K, reserved 557056K
  class space    used 13960K, committed 14464K, reserved 425984K
}
Event: 23.406 GC heap after
{Heap after GC invocations=74 (full 0):
 garbage-first heap   total 242688K, used 173789K [0x0000000080000000, 0x0000000100000000)
  region size 1024K, 4 young (4096K), 4 survivors (4096K)
 Metaspace       used 99297K, committed 100416K, reserved 557056K
  class space    used 13960K, committed 14464K, reserved 425984K
}
Event: 23.612 GC heap before
{Heap before GC invocations=74 (full 0):
 garbage-first heap   total 242688K, used 205533K [0x0000000080000000, 0x0000000100000000)
  region size 1024K, 36 young (36864K), 4 survivors (4096K)
 Metaspace       used 99638K, committed 100800K, reserved 557056K
  class space    used 14008K, committed 14528K, reserved 425984K
}
Event: 23.615 GC heap after
{Heap after GC invocations=75 (full 0):
 garbage-first heap   total 242688K, used 176275K [0x0000000080000000, 0x0000000100000000)
  region size 1024K, 4 young (4096K), 4 survivors (4096K)
 Metaspace       used 99638K, committed 100800K, reserved 557056K
  class space    used 14008K, committed 14528K, reserved 425984K
}
Event: 23.775 GC heap before
{Heap before GC invocations=75 (full 0):
 garbage-first heap   total 242688K, used 206995K [0x0000000080000000, 0x0000000100000000)
  region size 1024K, 35 young (35840K), 4 survivors (4096K)
 Metaspace       used 99660K, committed 100800K, reserved 557056K
  class space    used 14009K, committed 14528K, reserved 425984K
}
Event: 23.778 GC heap after
{Heap after GC invocations=76 (full 0):
 garbage-first heap   total 242688K, used 179469K [0x0000000080000000, 0x0000000100000000)
  region size 1024K, 5 young (5120K), 5 survivors (5120K)
 Metaspace       used 99660K, committed 100800K, reserved 557056K
  class space    used 14009K, committed 14528K, reserved 425984K
}
Event: 23.980 GC heap before
{Heap before GC invocations=76 (full 0):
 garbage-first heap   total 242688K, used 207117K [0x0000000080000000, 0x0000000100000000)
  region size 1024K, 33 young (33792K), 5 survivors (5120K)
 Metaspace       used 99735K, committed 100864K, reserved 557056K
  class space    used 14009K, committed 14528K, reserved 425984K
}
Event: 23.984 GC heap after
{Heap after GC invocations=77 (full 0):
 garbage-first heap   total 242688K, used 181723K [0x0000000080000000, 0x0000000100000000)
  region size 1024K, 3 young (3072K), 3 survivors (3072K)
 Metaspace       used 99735K, committed 100864K, reserved 557056K
  class space    used 14009K, committed 14528K, reserved 425984K
}
Event: 24.204 GC heap before
{Heap before GC invocations=77 (full 0):
 garbage-first heap   total 242688K, used 208347K [0x0000000080000000, 0x0000000100000000)
  region size 1024K, 30 young (30720K), 3 survivors (3072K)
 Metaspace       used 99739K, committed 100864K, reserved 557056K
  class space    used 14009K, committed 14528K, reserved 425984K
}
Event: 24.206 GC heap after
{Heap after GC invocations=78 (full 0):
 garbage-first heap   total 291840K, used 182944K [0x0000000080000000, 0x0000000100000000)
  region size 1024K, 4 young (4096K), 4 survivors (4096K)
 Metaspace       used 99739K, committed 100864K, reserved 557056K
  class space    used 14009K, committed 14528K, reserved 425984K
}

