# JRE version: OpenJDK Runtime Environment Microsoft-8035246 (17.0.8+7) (build 17.0.8+7-LTS)
# Java VM: OpenJDK 64-Bit Server VM Microsoft-8035246 (17.0.8+7-LTS, mixed mode, sharing, tiered, compressed oops, compressed class ptrs, g1 gc, windows-amd64)
GC Precious Log:
 CPUs: 12 total, 12 available
 Memory: 16296M
 Large Page Support: Disabled
 NUMA Support: Disabled
 Compressed Oops: Enabled (32-bit)
 Heap Region Size: 1M
 Heap Min Capacity: 8M
 Heap Initial Capacity: 256M
 Heap Max Capacity: 2G
 Pre-touch: Disabled
 Parallel Workers: 10
 Concurrent Workers: 3
 Concurrent Refinement Workers: 10
 Periodic GC: Disabled
Heap:
 garbage-first heap   total 252928K, used 201603K [0x0000000080000000, 0x0000000100000000)
  region size 1024K, 41 young (41984K), 7 survivors (7168K)
 Metaspace       used 103325K, committed 104320K, reserved 557056K
  class space    used 14488K, committed 14912K, reserved 425984K
GC Heap History (20 events):
Event: 15.395 GC heap before
{Heap before GC invocations=48 (full 0):
 garbage-first heap   total 252928K, used 182485K [0x0000000080000000, 0x0000000100000000)
  region size 1024K, 91 young (93184K), 4 survivors (4096K)
 Metaspace       used 87855K, committed 88640K, reserved 557056K
  class space    used 12358K, committed 12736K, reserved 425984K
}
Event: 15.398 GC heap after
{Heap after GC invocations=49 (full 0):
 garbage-first heap   total 252928K, used 96548K [0x0000000080000000, 0x0000000100000000)
  region size 1024K, 7 young (7168K), 7 survivors (7168K)
 Metaspace       used 87855K, committed 88640K, reserved 557056K
  class space    used 12358K, committed 12736K, reserved 425984K
}
Event: 15.431 GC heap before
{Heap before GC invocations=49 (full 0):
 garbage-first heap   total 252928K, used 100644K [0x0000000080000000, 0x0000000100000000)
  region size 1024K, 12 young (12288K), 7 survivors (7168K)
 Metaspace       used 88215K, committed 88960K, reserved 557056K
  class space    used 12408K, committed 12736K, reserved 425984K
}
Event: 15.434 GC heap after
{Heap after GC invocations=50 (full 0):
 garbage-first heap   total 252928K, used 97473K [0x0000000080000000, 0x0000000100000000)
  region size 1024K, 1 young (1024K), 1 survivors (1024K)
 Metaspace       used 88215K, committed 88960K, reserved 557056K
  class space    used 12408K, committed 12736K, reserved 425984K
}
Event: 16.024 GC heap before
{Heap before GC invocations=50 (full 0):
 garbage-first heap   total 252928K, used 188609K [0x0000000080000000, 0x0000000100000000)
  region size 1024K, 90 young (92160K), 1 survivors (1024K)
 Metaspace       used 91952K, committed 92736K, reserved 557056K
  class space    used 12881K, committed 13248K, reserved 425984K
}
Event: 16.027 GC heap after
{Heap after GC invocations=51 (full 0):
 garbage-first heap   total 252928K, used 104846K [0x0000000080000000, 0x0000000100000000)
  region size 1024K, 8 young (8192K), 8 survivors (8192K)
 Metaspace       used 91952K, committed 92736K, reserved 557056K
  class space    used 12881K, committed 13248K, reserved 425984K
}
Event: 16.928 GC heap before
{Heap before GC invocations=51 (full 0):
 garbage-first heap   total 252928K, used 199054K [0x0000000080000000, 0x0000000100000000)
  region size 1024K, 94 young (96256K), 8 survivors (8192K)
 Metaspace       used 93614K, committed 94528K, reserved 557056K
  class space    used 13129K, committed 13504K, reserved 425984K
}
Event: 16.938 GC heap after
{Heap after GC invocations=52 (full 0):
 garbage-first heap   total 252928K, used 132248K [0x0000000080000000, 0x0000000100000000)
  region size 1024K, 12 young (12288K), 12 survivors (12288K)
 Metaspace       used 93614K, committed 94528K, reserved 557056K
  class space    used 13129K, committed 13504K, reserved 425984K
}
Event: 17.446 GC heap before
{Heap before GC invocations=52 (full 0):
 garbage-first heap   total 252928K, used 197784K [0x0000000080000000, 0x0000000100000000)
  region size 1024K, 75 young (76800K), 12 survivors (12288K)
 Metaspace       used 95270K, committed 96192K, reserved 557056K
  class space    used 13338K, committed 13760K, reserved 425984K
}
Event: 17.452 GC heap after
{Heap after GC invocations=53 (full 0):
 garbage-first heap   total 252928K, used 145017K [0x0000000080000000, 0x0000000100000000)
  region size 1024K, 10 young (10240K), 10 survivors (10240K)
 Metaspace       used 95270K, committed 96192K, reserved 557056K
  class space    used 13338K, committed 13760K, reserved 425984K
}
Event: 18.036 GC heap before
{Heap before GC invocations=53 (full 0):
 garbage-first heap   total 252928K, used 201337K [0x0000000080000000, 0x0000000100000000)
  region size 1024K, 65 young (66560K), 10 survivors (10240K)
 Metaspace       used 99917K, committed 100928K, reserved 557056K
  class space    used 13989K, committed 14464K, reserved 425984K
}
Event: 18.041 GC heap after
{Heap after GC invocations=54 (full 0):
 garbage-first heap   total 252928K, used 149846K [0x0000000080000000, 0x0000000100000000)
  region size 1024K, 5 young (5120K), 5 survivors (5120K)
 Metaspace       used 99917K, committed 100928K, reserved 557056K
  class space    used 13989K, committed 14464K, reserved 425984K
}
Event: 18.388 GC heap before
{Heap before GC invocations=54 (full 0):
 garbage-first heap   total 252928K, used 204118K [0x0000000080000000, 0x0000000100000000)
  region size 1024K, 58 young (59392K), 5 survivors (5120K)
 Metaspace       used 101423K, committed 102400K, reserved 557056K
  class space    used 14167K, committed 14656K, reserved 425984K
}
Event: 18.392 GC heap after
{Heap after GC invocations=55 (full 0):
 garbage-first heap   total 252928K, used 154941K [0x0000000080000000, 0x0000000100000000)
  region size 1024K, 8 young (8192K), 8 survivors (8192K)
 Metaspace       used 101423K, committed 102400K, reserved 557056K
  class space    used 14167K, committed 14656K, reserved 425984K
}
Event: 18.677 GC heap before
{Heap before GC invocations=55 (full 0):
 garbage-first heap   total 252928K, used 205117K [0x0000000080000000, 0x0000000100000000)
  region size 1024K, 58 young (59392K), 8 survivors (8192K)
 Metaspace       used 102686K, committed 103680K, reserved 557056K
  class space    used 14429K, committed 14912K, reserved 425984K
}
Event: 18.683 GC heap after
{Heap after GC invocations=56 (full 0):
 garbage-first heap   total 252928K, used 160812K [0x0000000080000000, 0x0000000100000000)
  region size 1024K, 6 young (6144K), 6 survivors (6144K)
 Metaspace       used 102686K, committed 103680K, reserved 557056K
  class space    used 14429K, committed 14912K, reserved 425984K
}
Event: 19.039 GC heap before
{Heap before GC invocations=56 (full 0):
 garbage-first heap   total 252928K, used 206892K [0x0000000080000000, 0x0000000100000000)
  region size 1024K, 52 young (53248K), 6 survivors (6144K)
 Metaspace       used 103201K, committed 104192K, reserved 557056K
  class space    used 14487K, committed 14912K, reserved 425984K
}
Event: 19.043 GC heap after
{Heap after GC invocations=57 (full 0):
 garbage-first heap   total 252928K, used 164608K [0x0000000080000000, 0x0000000100000000)
  region size 1024K, 4 young (4096K), 4 survivors (4096K)
 Metaspace       used 103201K, committed 104192K, reserved 557056K
  class space    used 14487K, committed 14912K, reserved 425984K
}
Event: 19.288 GC heap before
{Heap before GC invocations=57 (full 0):
 garbage-first heap   total 252928K, used 209664K [0x0000000080000000, 0x0000000100000000)
  region size 1024K, 49 young (50176K), 4 survivors (4096K)
 Metaspace       used 103298K, committed 104320K, reserved 557056K
  class space    used 14488K, committed 14912K, reserved 425984K
}
Event: 19.291 GC heap after
{Heap after GC invocations=58 (full 0):
 garbage-first heap   total 252928K, used 167811K [0x0000000080000000, 0x0000000100000000)
  region size 1024K, 7 young (7168K), 7 survivors (7168K)
 Metaspace       used 103298K, committed 104320K, reserved 557056K
  class space    used 14488K, committed 14912K, reserved 425984K
}

