# JRE version: OpenJDK Runtime Environment Microsoft-8035246 (17.0.8+7) (build 17.0.8+7-LTS)
# Java VM: OpenJDK 64-Bit Server VM Microsoft-8035246 (17.0.8+7-LTS, mixed mode, sharing, tiered, compressed oops, compressed class ptrs, g1 gc, windows-amd64)
GC Precious Log:
 CPUs: 12 total, 12 available
 Memory: 16296M
 Large Page Support: Disabled
 NUMA Support: Disabled
 Compressed Oops: Enabled (32-bit)
 Heap Region Size: 1M
 Heap Min Capacity: 8M
 Heap Initial Capacity: 256M
 Heap Max Capacity: 2G
 Pre-touch: Disabled
 Parallel Workers: 10
 Concurrent Workers: 3
 Concurrent Refinement Workers: 10
 Periodic GC: Disabled
Heap:
 garbage-first heap   total 310272K, used 225629K [0x0000000080000000, 0x0000000100000000)
  region size 1024K, 63 young (64512K), 6 survivors (6144K)
 Metaspace       used 99935K, committed 100928K, reserved 557056K
  class space    used 13967K, committed 14400K, reserved 425984K
GC Heap History (20 events):
Event: 14.803 GC heap before
{Heap before GC invocations=47 (full 0):
 garbage-first heap   total 224256K, used 132369K [0x0000000080000000, 0x0000000100000000)
  region size 1024K, 10 young (10240K), 7 survivors (7168K)
 Metaspace       used 95249K, committed 96128K, reserved 557056K
  class space    used 13423K, committed 13824K, reserved 425984K
}
Event: 14.806 GC heap after
{Heap after GC invocations=48 (full 0):
 garbage-first heap   total 224256K, used 129740K [0x0000000080000000, 0x0000000100000000)
  region size 1024K, 2 young (2048K), 2 survivors (2048K)
 Metaspace       used 95249K, committed 96128K, reserved 557056K
  class space    used 13423K, committed 13824K, reserved 425984K
}
Event: 15.109 GC heap before
{Heap before GC invocations=48 (full 0):
 garbage-first heap   total 224256K, used 181964K [0x0000000080000000, 0x0000000100000000)
  region size 1024K, 53 young (54272K), 2 survivors (2048K)
 Metaspace       used 96382K, committed 97280K, reserved 557056K
  class space    used 13597K, committed 14016K, reserved 425984K
}
Event: 15.113 GC heap after
{Heap after GC invocations=49 (full 0):
 garbage-first heap   total 224256K, used 134649K [0x0000000080000000, 0x0000000100000000)
  region size 1024K, 6 young (6144K), 6 survivors (6144K)
 Metaspace       used 96382K, committed 97280K, reserved 557056K
  class space    used 13597K, committed 14016K, reserved 425984K
}
Event: 15.400 GC heap before
{Heap before GC invocations=50 (full 0):
 garbage-first heap   total 242688K, used 182777K [0x0000000080000000, 0x0000000100000000)
  region size 1024K, 54 young (55296K), 6 survivors (6144K)
 Metaspace       used 97195K, committed 98112K, reserved 557056K
  class space    used 13731K, committed 14144K, reserved 425984K
}
Event: 15.403 GC heap after
{Heap after GC invocations=51 (full 0):
 garbage-first heap   total 242688K, used 136759K [0x0000000080000000, 0x0000000100000000)
  region size 1024K, 3 young (3072K), 3 survivors (3072K)
 Metaspace       used 97195K, committed 98112K, reserved 557056K
  class space    used 13731K, committed 14144K, reserved 425984K
}
Event: 15.426 GC heap before
{Heap before GC invocations=51 (full 0):
 garbage-first heap   total 242688K, used 144951K [0x0000000080000000, 0x0000000100000000)
  region size 1024K, 11 young (11264K), 3 survivors (3072K)
 Metaspace       used 97209K, committed 98112K, reserved 557056K
  class space    used 13731K, committed 14144K, reserved 425984K
}
Event: 15.428 GC heap after
{Heap after GC invocations=52 (full 0):
 garbage-first heap   total 242688K, used 138410K [0x0000000080000000, 0x0000000100000000)
  region size 1024K, 2 young (2048K), 2 survivors (2048K)
 Metaspace       used 97209K, committed 98112K, reserved 557056K
  class space    used 13731K, committed 14144K, reserved 425984K
}
Event: 15.636 GC heap before
{Heap before GC invocations=52 (full 0):
 garbage-first heap   total 242688K, used 196778K [0x0000000080000000, 0x0000000100000000)
  region size 1024K, 60 young (61440K), 2 survivors (2048K)
 Metaspace       used 97296K, committed 98240K, reserved 557056K
  class space    used 13732K, committed 14144K, reserved 425984K
}
Event: 15.639 GC heap after
{Heap after GC invocations=53 (full 0):
 garbage-first heap   total 242688K, used 142104K [0x0000000080000000, 0x0000000100000000)
  region size 1024K, 6 young (6144K), 6 survivors (6144K)
 Metaspace       used 97296K, committed 98240K, reserved 557056K
  class space    used 13732K, committed 14144K, reserved 425984K
}
Event: 16.109 GC heap before
{Heap before GC invocations=53 (full 0):
 garbage-first heap   total 242688K, used 211736K [0x0000000080000000, 0x0000000100000000)
  region size 1024K, 63 young (64512K), 6 survivors (6144K)
 Metaspace       used 97439K, committed 98368K, reserved 557056K
  class space    used 13737K, committed 14144K, reserved 425984K
}
Event: 16.113 GC heap after
{Heap after GC invocations=54 (full 0):
 garbage-first heap   total 242688K, used 150659K [0x0000000080000000, 0x0000000100000000)
  region size 1024K, 8 young (8192K), 8 survivors (8192K)
 Metaspace       used 97439K, committed 98368K, reserved 557056K
  class space    used 13737K, committed 14144K, reserved 425984K
}
Event: 16.277 GC heap before
{Heap before GC invocations=54 (full 0):
 garbage-first heap   total 242688K, used 213123K [0x0000000080000000, 0x0000000100000000)
  region size 1024K, 58 young (59392K), 8 survivors (8192K)
 Metaspace       used 97633K, committed 98560K, reserved 557056K
  class space    used 13748K, committed 14208K, reserved 425984K
}
Event: 16.281 GC heap after
{Heap after GC invocations=55 (full 0):
 garbage-first heap   total 242688K, used 155310K [0x0000000080000000, 0x0000000100000000)
  region size 1024K, 5 young (5120K), 5 survivors (5120K)
 Metaspace       used 97633K, committed 98560K, reserved 557056K
  class space    used 13748K, committed 14208K, reserved 425984K
}
Event: 16.476 GC heap before
{Heap before GC invocations=55 (full 0):
 garbage-first heap   total 242688K, used 206510K [0x0000000080000000, 0x0000000100000000)
  region size 1024K, 52 young (53248K), 5 survivors (5120K)
 Metaspace       used 97787K, committed 98752K, reserved 557056K
  class space    used 13756K, committed 14208K, reserved 425984K
}
Event: 16.480 GC heap after
{Heap after GC invocations=56 (full 0):
 garbage-first heap   total 242688K, used 154605K [0x0000000080000000, 0x0000000100000000)
  region size 1024K, 4 young (4096K), 4 survivors (4096K)
 Metaspace       used 97787K, committed 98752K, reserved 557056K
  class space    used 13756K, committed 14208K, reserved 425984K
}
Event: 16.595 GC heap before
{Heap before GC invocations=56 (full 0):
 garbage-first heap   total 242688K, used 206829K [0x0000000080000000, 0x0000000100000000)
  region size 1024K, 52 young (53248K), 4 survivors (4096K)
 Metaspace       used 97979K, committed 98944K, reserved 557056K
  class space    used 13790K, committed 14272K, reserved 425984K
}
Event: 16.598 GC heap after
{Heap after GC invocations=57 (full 0):
 garbage-first heap   total 242688K, used 157330K [0x0000000080000000, 0x0000000100000000)
  region size 1024K, 7 young (7168K), 7 survivors (7168K)
 Metaspace       used 97979K, committed 98944K, reserved 557056K
  class space    used 13790K, committed 14272K, reserved 425984K
}
Event: 16.724 GC heap before
{Heap before GC invocations=57 (full 0):
 garbage-first heap   total 242688K, used 208530K [0x0000000080000000, 0x0000000100000000)
  region size 1024K, 54 young (55296K), 7 survivors (7168K)
 Metaspace       used 98018K, committed 99008K, reserved 557056K
  class space    used 13792K, committed 14272K, reserved 425984K
}
Event: 16.728 GC heap after
{Heap after GC invocations=58 (full 0):
 garbage-first heap   total 310272K, used 160093K [0x0000000080000000, 0x0000000100000000)
  region size 1024K, 6 young (6144K), 6 survivors (6144K)
 Metaspace       used 98018K, committed 99008K, reserved 557056K
  class space    used 13792K, committed 14272K, reserved 425984K
}

