# JRE version: OpenJDK Runtime Environment Microsoft-8035246 (17.0.8+7) (build 17.0.8+7-LTS)
# Java VM: OpenJDK 64-Bit Server VM Microsoft-8035246 (17.0.8+7-LTS, mixed mode, sharing, tiered, compressed oops, compressed class ptrs, g1 gc, windows-amd64)
GC Precious Log:
 CPUs: 12 total, 12 available
 Memory: 16296M
 Large Page Support: Disabled
 NUMA Support: Disabled
 Compressed Oops: Enabled (32-bit)
 Heap Region Size: 1M
 Heap Min Capacity: 8M
 Heap Initial Capacity: 256M
 Heap Max Capacity: 2G
 Pre-touch: Disabled
 Parallel Workers: 10
 Concurrent Workers: 3
 Concurrent Refinement Workers: 10
 Periodic GC: Disabled
Heap:
 garbage-first heap   total 273408K, used 221097K [0x0000000080000000, 0x0000000100000000)
  region size 1024K, 45 young (46080K), 4 survivors (4096K)
 Metaspace       used 99480K, committed 100608K, reserved 557056K
  class space    used 13998K, committed 14528K, reserved 425984K
GC Heap History (20 events):
Event: 16.877 GC heap before
{Heap before GC invocations=49 (full 0):
 garbage-first heap   total 227328K, used 145280K [0x0000000080000000, 0x0000000100000000)
  region size 1024K, 11 young (11264K), 3 survivors (3072K)
 Metaspace       used 89513K, committed 90496K, reserved 557056K
  class space    used 12641K, committed 13120K, reserved 425984K
}
Event: 16.879 GC heap after
{Heap after GC invocations=50 (full 0):
 garbage-first heap   total 227328K, used 138503K [0x0000000080000000, 0x0000000100000000)
  region size 1024K, 2 young (2048K), 2 survivors (2048K)
 Metaspace       used 89513K, committed 90496K, reserved 557056K
  class space    used 12641K, committed 13120K, reserved 425984K
}
Event: 17.249 GC heap before
{Heap before GC invocations=50 (full 0):
 garbage-first heap   total 227328K, used 178439K [0x0000000080000000, 0x0000000100000000)
  region size 1024K, 40 young (40960K), 2 survivors (2048K)
 Metaspace       used 90159K, committed 91136K, reserved 557056K
  class space    used 12718K, committed 13184K, reserved 425984K
}
Event: 17.254 GC heap after
{Heap after GC invocations=51 (full 0):
 garbage-first heap   total 227328K, used 147347K [0x0000000080000000, 0x0000000100000000)
  region size 1024K, 5 young (5120K), 5 survivors (5120K)
 Metaspace       used 90159K, committed 91136K, reserved 557056K
  class space    used 12718K, committed 13184K, reserved 425984K
}
Event: 17.496 GC heap before
{Heap before GC invocations=51 (full 0):
 garbage-first heap   total 227328K, used 182163K [0x0000000080000000, 0x0000000100000000)
  region size 1024K, 39 young (39936K), 5 survivors (5120K)
 Metaspace       used 92732K, committed 93696K, reserved 557056K
  class space    used 13122K, committed 13568K, reserved 425984K
}
Event: 17.499 GC heap after
{Heap after GC invocations=52 (full 0):
 garbage-first heap   total 227328K, used 149682K [0x0000000080000000, 0x0000000100000000)
  region size 1024K, 2 young (2048K), 2 survivors (2048K)
 Metaspace       used 92732K, committed 93696K, reserved 557056K
  class space    used 13122K, committed 13568K, reserved 425984K
}
Event: 17.908 GC heap before
{Heap before GC invocations=52 (full 0):
 garbage-first heap   total 227328K, used 184498K [0x0000000080000000, 0x0000000100000000)
  region size 1024K, 36 young (36864K), 2 survivors (2048K)
 Metaspace       used 95587K, committed 96640K, reserved 557056K
  class space    used 13468K, committed 13952K, reserved 425984K
}
Event: 17.911 GC heap after
{Heap after GC invocations=53 (full 0):
 garbage-first heap   total 227328K, used 152756K [0x0000000080000000, 0x0000000100000000)
  region size 1024K, 5 young (5120K), 5 survivors (5120K)
 Metaspace       used 95587K, committed 96640K, reserved 557056K
  class space    used 13468K, committed 13952K, reserved 425984K
}
Event: 18.286 GC heap before
{Heap before GC invocations=53 (full 0):
 garbage-first heap   total 227328K, used 187572K [0x0000000080000000, 0x0000000100000000)
  region size 1024K, 39 young (39936K), 5 survivors (5120K)
 Metaspace       used 96827K, committed 97920K, reserved 557056K
  class space    used 13630K, committed 14144K, reserved 425984K
}
Event: 18.290 GC heap after
{Heap after GC invocations=54 (full 0):
 garbage-first heap   total 227328K, used 156843K [0x0000000080000000, 0x0000000100000000)
  region size 1024K, 5 young (5120K), 5 survivors (5120K)
 Metaspace       used 96827K, committed 97920K, reserved 557056K
  class space    used 13630K, committed 14144K, reserved 425984K
}
Event: 18.507 GC heap before
{Heap before GC invocations=54 (full 0):
 garbage-first heap   total 227328K, used 188587K [0x0000000080000000, 0x0000000100000000)
  region size 1024K, 36 young (36864K), 5 survivors (5120K)
 Metaspace       used 97346K, committed 98304K, reserved 557056K
  class space    used 13683K, committed 14144K, reserved 425984K
}
Event: 18.512 GC heap after
{Heap after GC invocations=55 (full 0):
 garbage-first heap   total 227328K, used 160321K [0x0000000080000000, 0x0000000100000000)
  region size 1024K, 4 young (4096K), 4 survivors (4096K)
 Metaspace       used 97346K, committed 98304K, reserved 557056K
  class space    used 13683K, committed 14144K, reserved 425984K
}
Event: 18.712 GC heap before
{Heap before GC invocations=55 (full 0):
 garbage-first heap   total 227328K, used 190017K [0x0000000080000000, 0x0000000100000000)
  region size 1024K, 33 young (33792K), 4 survivors (4096K)
 Metaspace       used 97605K, committed 98688K, reserved 557056K
  class space    used 13698K, committed 14208K, reserved 425984K
}
Event: 18.715 GC heap after
{Heap after GC invocations=56 (full 0):
 garbage-first heap   total 273408K, used 163493K [0x0000000080000000, 0x0000000100000000)
  region size 1024K, 4 young (4096K), 4 survivors (4096K)
 Metaspace       used 97605K, committed 98688K, reserved 557056K
  class space    used 13698K, committed 14208K, reserved 425984K
}
Event: 19.035 GC heap before
{Heap before GC invocations=56 (full 0):
 garbage-first heap   total 273408K, used 221861K [0x0000000080000000, 0x0000000100000000)
  region size 1024K, 62 young (63488K), 4 survivors (4096K)
 Metaspace       used 98894K, committed 100032K, reserved 557056K
  class space    used 13946K, committed 14464K, reserved 425984K
}
Event: 19.039 GC heap after
{Heap after GC invocations=57 (full 0):
 garbage-first heap   total 273408K, used 167746K [0x0000000080000000, 0x0000000100000000)
  region size 1024K, 8 young (8192K), 8 survivors (8192K)
 Metaspace       used 98894K, committed 100032K, reserved 557056K
  class space    used 13946K, committed 14464K, reserved 425984K
}
Event: 19.331 GC heap before
{Heap before GC invocations=57 (full 0):
 garbage-first heap   total 273408K, used 225090K [0x0000000080000000, 0x0000000100000000)
  region size 1024K, 64 young (65536K), 8 survivors (8192K)
 Metaspace       used 99367K, committed 100416K, reserved 557056K
  class space    used 13996K, committed 14528K, reserved 425984K
}
Event: 19.336 GC heap after
{Heap after GC invocations=58 (full 0):
 garbage-first heap   total 273408K, used 172815K [0x0000000080000000, 0x0000000100000000)
  region size 1024K, 6 young (6144K), 6 survivors (6144K)
 Metaspace       used 99367K, committed 100416K, reserved 557056K
  class space    used 13996K, committed 14528K, reserved 425984K
}
Event: 19.590 GC heap before
{Heap before GC invocations=58 (full 0):
 garbage-first heap   total 273408K, used 226063K [0x0000000080000000, 0x0000000100000000)
  region size 1024K, 59 young (60416K), 6 survivors (6144K)
 Metaspace       used 99428K, committed 100544K, reserved 557056K
  class space    used 13996K, committed 14528K, reserved 425984K
}
Event: 19.593 GC heap after
{Heap after GC invocations=59 (full 0):
 garbage-first heap   total 273408K, used 176041K [0x0000000080000000, 0x0000000100000000)
  region size 1024K, 4 young (4096K), 4 survivors (4096K)
 Metaspace       used 99428K, committed 100544K, reserved 557056K
  class space    used 13996K, committed 14528K, reserved 425984K
}

