# JRE version: OpenJDK Runtime Environment Microsoft-8035246 (17.0.8+7) (build 17.0.8+7-LTS)
# Java VM: OpenJDK 64-Bit Server VM Microsoft-8035246 (17.0.8+7-LTS, mixed mode, sharing, tiered, compressed oops, compressed class ptrs, g1 gc, windows-amd64)
GC Precious Log:
 CPUs: 4 total, 4 available
 Memory: 8098M
 Large Page Support: Disabled
 NUMA Support: Disabled
 Compressed Oops: Enabled (32-bit)
 Heap Region Size: 1M
 Heap Min Capacity: 8M
 Heap Initial Capacity: 128M
 Heap Max Capacity: 2G
 Pre-touch: Disabled
 Parallel Workers: 4
 Concurrent Workers: 1
 Concurrent Refinement Workers: 4
 Periodic GC: Disabled
Heap:
 garbage-first heap   total 295936K, used 193777K [0x0000000080000000, 0x0000000100000000)
  region size 1024K, 24 young (24576K), 6 survivors (6144K)
 Metaspace       used 99489K, committed 100608K, reserved 557056K
  class space    used 13898K, committed 14400K, reserved 425984K
GC Heap History (20 events):
Event: 92.205 GC heap before
{Heap before GC invocations=64 (full 0):
 garbage-first heap   total 204800K, used 154690K [0x0000000080000000, 0x0000000100000000)
  region size 1024K, 40 young (40960K), 3 survivors (3072K)
 Metaspace       used 89209K, committed 90176K, reserved 557056K
  class space    used 12588K, committed 12992K, reserved 425984K
}
Event: 92.223 GC heap after
{Heap after GC invocations=65 (full 0):
 garbage-first heap   total 204800K, used 128408K [0x0000000080000000, 0x0000000100000000)
  region size 1024K, 5 young (5120K), 5 survivors (5120K)
 Metaspace       used 89209K, committed 90176K, reserved 557056K
  class space    used 12588K, committed 12992K, reserved 425984K
}
Event: 92.493 GC heap before
{Heap before GC invocations=65 (full 0):
 garbage-first heap   total 204800K, used 133528K [0x0000000080000000, 0x0000000100000000)
  region size 1024K, 10 young (10240K), 5 survivors (5120K)
 Metaspace       used 89282K, committed 90304K, reserved 557056K
  class space    used 12595K, committed 13056K, reserved 425984K
}
Event: 92.508 GC heap after
{Heap after GC invocations=66 (full 0):
 garbage-first heap   total 204800K, used 130529K [0x0000000080000000, 0x0000000100000000)
  region size 1024K, 2 young (2048K), 2 survivors (2048K)
 Metaspace       used 89282K, committed 90304K, reserved 557056K
  class space    used 12595K, committed 13056K, reserved 425984K
}
Event: 94.351 GC heap before
{Heap before GC invocations=66 (full 0):
 garbage-first heap   total 204800K, used 164321K [0x0000000080000000, 0x0000000100000000)
  region size 1024K, 35 young (35840K), 2 survivors (2048K)
 Metaspace       used 89753K, committed 90752K, reserved 557056K
  class space    used 12647K, committed 13056K, reserved 425984K
}
Event: 94.365 GC heap after
{Heap after GC invocations=67 (full 0):
 garbage-first heap   total 204800K, used 139951K [0x0000000080000000, 0x0000000100000000)
  region size 1024K, 5 young (5120K), 5 survivors (5120K)
 Metaspace       used 89753K, committed 90752K, reserved 557056K
  class space    used 12647K, committed 13056K, reserved 425984K
}
Event: 95.593 GC heap before
{Heap before GC invocations=68 (full 0):
 garbage-first heap   total 240640K, used 165551K [0x0000000080000000, 0x0000000100000000)
  region size 1024K, 29 young (29696K), 5 survivors (5120K)
 Metaspace       used 89985K, committed 91008K, reserved 557056K
  class space    used 12676K, committed 13120K, reserved 425984K
}
Event: 95.612 GC heap after
{Heap after GC invocations=69 (full 0):
 garbage-first heap   total 240640K, used 146887K [0x0000000080000000, 0x0000000100000000)
  region size 1024K, 4 young (4096K), 4 survivors (4096K)
 Metaspace       used 89985K, committed 91008K, reserved 557056K
  class space    used 12676K, committed 13120K, reserved 425984K
}
Event: 95.860 GC heap before
{Heap before GC invocations=69 (full 0):
 garbage-first heap   total 240640K, used 154055K [0x0000000080000000, 0x0000000100000000)
  region size 1024K, 11 young (11264K), 4 survivors (4096K)
 Metaspace       used 90077K, committed 91072K, reserved 557056K
  class space    used 12682K, committed 13120K, reserved 425984K
}
Event: 95.871 GC heap after
{Heap after GC invocations=70 (full 0):
 garbage-first heap   total 240640K, used 147841K [0x0000000080000000, 0x0000000100000000)
  region size 1024K, 2 young (2048K), 2 survivors (2048K)
 Metaspace       used 90077K, committed 91072K, reserved 557056K
  class space    used 12682K, committed 13120K, reserved 425984K
}
Event: 97.162 GC heap before
{Heap before GC invocations=70 (full 0):
 garbage-first heap   total 240640K, used 188801K [0x0000000080000000, 0x0000000100000000)
  region size 1024K, 42 young (43008K), 2 survivors (2048K)
 Metaspace       used 92803K, committed 93888K, reserved 557056K
  class space    used 13087K, committed 13568K, reserved 425984K
}
Event: 97.172 GC heap after
{Heap after GC invocations=71 (full 0):
 garbage-first heap   total 295936K, used 149884K [0x0000000080000000, 0x0000000100000000)
  region size 1024K, 4 young (4096K), 4 survivors (4096K)
 Metaspace       used 92803K, committed 93888K, reserved 557056K
  class space    used 13087K, committed 13568K, reserved 425984K
}
Event: 100.639 GC heap before
{Heap before GC invocations=71 (full 0):
 garbage-first heap   total 295936K, used 222588K [0x0000000080000000, 0x0000000100000000)
  region size 1024K, 75 young (76800K), 4 survivors (4096K)
 Metaspace       used 97074K, committed 98176K, reserved 557056K
  class space    used 13643K, committed 14144K, reserved 425984K
}
Event: 100.666 GC heap after
{Heap after GC invocations=72 (full 0):
 garbage-first heap   total 295936K, used 157355K [0x0000000080000000, 0x0000000100000000)
  region size 1024K, 10 young (10240K), 10 survivors (10240K)
 Metaspace       used 97074K, committed 98176K, reserved 557056K
  class space    used 13643K, committed 14144K, reserved 425984K
}
Event: 103.375 GC heap before
{Heap before GC invocations=72 (full 0):
 garbage-first heap   total 295936K, used 229035K [0x0000000080000000, 0x0000000100000000)
  region size 1024K, 80 young (81920K), 10 survivors (10240K)
 Metaspace       used 98033K, committed 99136K, reserved 557056K
  class space    used 13727K, committed 14208K, reserved 425984K
}
Event: 103.407 GC heap after
{Heap after GC invocations=73 (full 0):
 garbage-first heap   total 295936K, used 165404K [0x0000000080000000, 0x0000000100000000)
  region size 1024K, 8 young (8192K), 8 survivors (8192K)
 Metaspace       used 98033K, committed 99136K, reserved 557056K
  class space    used 13727K, committed 14208K, reserved 425984K
}
Event: 105.648 GC heap before
{Heap before GC invocations=73 (full 0):
 garbage-first heap   total 295936K, used 232988K [0x0000000080000000, 0x0000000100000000)
  region size 1024K, 75 young (76800K), 8 survivors (8192K)
 Metaspace       used 99098K, committed 100288K, reserved 557056K
  class space    used 13848K, committed 14400K, reserved 425984K
}
Event: 105.673 GC heap after
{Heap after GC invocations=74 (full 0):
 garbage-first heap   total 295936K, used 170729K [0x0000000080000000, 0x0000000100000000)
  region size 1024K, 6 young (6144K), 6 survivors (6144K)
 Metaspace       used 99098K, committed 100288K, reserved 557056K
  class space    used 13848K, committed 14400K, reserved 425984K
}
Event: 107.665 GC heap before
{Heap before GC invocations=74 (full 0):
 garbage-first heap   total 295936K, used 237289K [0x0000000080000000, 0x0000000100000000)
  region size 1024K, 72 young (73728K), 6 survivors (6144K)
 Metaspace       used 99489K, committed 100608K, reserved 557056K
  class space    used 13898K, committed 14400K, reserved 425984K
}
Event: 107.696 GC heap after
{Heap after GC invocations=75 (full 0):
 garbage-first heap   total 295936K, used 176369K [0x0000000080000000, 0x0000000100000000)
  region size 1024K, 6 young (6144K), 6 survivors (6144K)
 Metaspace       used 99489K, committed 100608K, reserved 557056K
  class space    used 13898K, committed 14400K, reserved 425984K
}

