# JRE version: OpenJDK Runtime Environment Microsoft-8035246 (17.0.8+7) (build 17.0.8+7-LTS)
# Java VM: OpenJDK 64-Bit Server VM Microsoft-8035246 (17.0.8+7-LTS, mixed mode, sharing, tiered, compressed oops, compressed class ptrs, g1 gc, windows-amd64)
GC Precious Log:
 CPUs: 8 total, 8 available
 Memory: 16221M
 Large Page Support: Disabled
 NUMA Support: Disabled
 Compressed Oops: Enabled (32-bit)
 Heap Region Size: 1M
 Heap Min Capacity: 8M
 Heap Initial Capacity: 254M
 Heap Max Capacity: 2G
 Pre-touch: Disabled
 Parallel Workers: 8
 Concurrent Workers: 2
 Concurrent Refinement Workers: 8
 Periodic GC: Disabled
Heap:
 garbage-first heap   total 414720K, used 203177K [0x0000000080000000, 0x0000000100000000)
  region size 1024K, 18 young (18432K), 13 survivors (13312K)
 Metaspace       used 103447K, committed 104576K, reserved 557056K
  class space    used 14536K, committed 15040K, reserved 425984K
GC Heap History (20 events):
Event: 24.258 GC heap before
{Heap before GC invocations=66 (full 0):
 garbage-first heap   total 254976K, used 193903K [0x0000000080000000, 0x0000000100000000)
  region size 1024K, 54 young (55296K), 3 survivors (3072K)
 Metaspace       used 96011K, committed 96960K, reserved 557056K
  class space    used 13537K, committed 13952K, reserved 425984K
}
Event: 24.264 GC heap after
{Heap after GC invocations=67 (full 0):
 garbage-first heap   total 254976K, used 146204K [0x0000000080000000, 0x0000000100000000)
  region size 1024K, 7 young (7168K), 7 survivors (7168K)
 Metaspace       used 96011K, committed 96960K, reserved 557056K
  class space    used 13537K, committed 13952K, reserved 425984K
}
Event: 24.294 GC heap before
{Heap before GC invocations=67 (full 0):
 garbage-first heap   total 254976K, used 151324K [0x0000000080000000, 0x0000000100000000)
  region size 1024K, 12 young (12288K), 7 survivors (7168K)
 Metaspace       used 96023K, committed 96960K, reserved 557056K
  class space    used 13537K, committed 13952K, reserved 425984K
}
Event: 24.300 GC heap after
{Heap after GC invocations=68 (full 0):
 garbage-first heap   total 254976K, used 146834K [0x0000000080000000, 0x0000000100000000)
  region size 1024K, 2 young (2048K), 2 survivors (2048K)
 Metaspace       used 96023K, committed 96960K, reserved 557056K
  class space    used 13537K, committed 13952K, reserved 425984K
}
Event: 24.608 GC heap before
{Heap before GC invocations=68 (full 0):
 garbage-first heap   total 254976K, used 198034K [0x0000000080000000, 0x0000000100000000)
  region size 1024K, 52 young (53248K), 2 survivors (2048K)
 Metaspace       used 96249K, committed 97216K, reserved 557056K
  class space    used 13562K, committed 14016K, reserved 425984K
}
Event: 24.613 GC heap after
{Heap after GC invocations=69 (full 0):
 garbage-first heap   total 254976K, used 155777K [0x0000000080000000, 0x0000000100000000)
  region size 1024K, 7 young (7168K), 7 survivors (7168K)
 Metaspace       used 96249K, committed 97216K, reserved 557056K
  class space    used 13562K, committed 14016K, reserved 425984K
}
Event: 25.004 GC heap before
{Heap before GC invocations=69 (full 0):
 garbage-first heap   total 254976K, used 203905K [0x0000000080000000, 0x0000000100000000)
  region size 1024K, 53 young (54272K), 7 survivors (7168K)
 Metaspace       used 96616K, committed 97664K, reserved 557056K
  class space    used 13603K, committed 14080K, reserved 425984K
}
Event: 25.014 GC heap after
{Heap after GC invocations=70 (full 0):
 garbage-first heap   total 254976K, used 164378K [0x0000000080000000, 0x0000000100000000)
  region size 1024K, 7 young (7168K), 7 survivors (7168K)
 Metaspace       used 96616K, committed 97664K, reserved 557056K
  class space    used 13603K, committed 14080K, reserved 425984K
}
Event: 25.451 GC heap before
{Heap before GC invocations=70 (full 0):
 garbage-first heap   total 254976K, used 206362K [0x0000000080000000, 0x0000000100000000)
  region size 1024K, 48 young (49152K), 7 survivors (7168K)
 Metaspace       used 97171K, committed 98240K, reserved 557056K
  class space    used 13668K, committed 14144K, reserved 425984K
}
Event: 25.459 GC heap after
{Heap after GC invocations=71 (full 0):
 garbage-first heap   total 254976K, used 174945K [0x0000000080000000, 0x0000000100000000)
  region size 1024K, 6 young (6144K), 6 survivors (6144K)
 Metaspace       used 97171K, committed 98240K, reserved 557056K
  class space    used 13668K, committed 14144K, reserved 425984K
}
Event: 25.862 GC heap before
{Heap before GC invocations=71 (full 0):
 garbage-first heap   total 254976K, used 209761K [0x0000000080000000, 0x0000000100000000)
  region size 1024K, 40 young (40960K), 6 survivors (6144K)
 Metaspace       used 100199K, committed 101248K, reserved 557056K
  class space    used 14124K, committed 14592K, reserved 425984K
}
Event: 25.867 GC heap after
{Heap after GC invocations=72 (full 0):
 garbage-first heap   total 254976K, used 177590K [0x0000000080000000, 0x0000000100000000)
  region size 1024K, 2 young (2048K), 2 survivors (2048K)
 Metaspace       used 100199K, committed 101248K, reserved 557056K
  class space    used 14124K, committed 14592K, reserved 425984K
}
Event: 26.297 GC heap before
{Heap before GC invocations=72 (full 0):
 garbage-first heap   total 254976K, used 212406K [0x0000000080000000, 0x0000000100000000)
  region size 1024K, 36 young (36864K), 2 survivors (2048K)
 Metaspace       used 101482K, committed 102592K, reserved 557056K
  class space    used 14276K, committed 14784K, reserved 425984K
}
Event: 26.304 GC heap after
{Heap after GC invocations=73 (full 0):
 garbage-first heap   total 254976K, used 182205K [0x0000000080000000, 0x0000000100000000)
  region size 1024K, 5 young (5120K), 5 survivors (5120K)
 Metaspace       used 101482K, committed 102592K, reserved 557056K
  class space    used 14276K, committed 14784K, reserved 425984K
}
Event: 26.593 GC heap before
{Heap before GC invocations=73 (full 0):
 garbage-first heap   total 254976K, used 213949K [0x0000000080000000, 0x0000000100000000)
  region size 1024K, 36 young (36864K), 5 survivors (5120K)
 Metaspace       used 101825K, committed 102912K, reserved 557056K
  class space    used 14296K, committed 14784K, reserved 425984K
}
Event: 26.599 GC heap after
{Heap after GC invocations=74 (full 0):
 garbage-first heap   total 254976K, used 185750K [0x0000000080000000, 0x0000000100000000)
  region size 1024K, 4 young (4096K), 4 survivors (4096K)
 Metaspace       used 101825K, committed 102912K, reserved 557056K
  class space    used 14296K, committed 14784K, reserved 425984K
}
Event: 26.808 GC heap before
{Heap before GC invocations=74 (full 0):
 garbage-first heap   total 254976K, used 215446K [0x0000000080000000, 0x0000000100000000)
  region size 1024K, 33 young (33792K), 4 survivors (4096K)
 Metaspace       used 101999K, committed 103104K, reserved 557056K
  class space    used 14310K, committed 14784K, reserved 425984K
}
Event: 26.813 GC heap after
{Heap after GC invocations=75 (full 0):
 garbage-first heap   total 414720K, used 189279K [0x0000000080000000, 0x0000000100000000)
  region size 1024K, 4 young (4096K), 4 survivors (4096K)
 Metaspace       used 101999K, committed 103104K, reserved 557056K
  class space    used 14310K, committed 14784K, reserved 425984K
}
Event: 27.742 GC heap before
{Heap before GC invocations=75 (full 0):
 garbage-first heap   total 414720K, used 326495K [0x0000000080000000, 0x0000000100000000)
  region size 1024K, 139 young (142336K), 4 survivors (4096K)
 Metaspace       used 103438K, committed 104576K, reserved 557056K
  class space    used 14536K, committed 15040K, reserved 425984K
}
Event: 27.752 GC heap after
{Heap after GC invocations=76 (full 0):
 garbage-first heap   total 414720K, used 199081K [0x0000000080000000, 0x0000000100000000)
  region size 1024K, 13 young (13312K), 13 survivors (13312K)
 Metaspace       used 103438K, committed 104576K, reserved 557056K
  class space    used 14536K, committed 15040K, reserved 425984K
}

